
*** Running vivado
    with args -log top.vds -m64 -product Vivado -mode batch -messageDb vivado.pb -notrace -source top.tcl



****** Vivado v2024.1 (64-bit)
  **** SW Build 5076996 on Wed May 22 18:37:14 MDT 2024
  **** IP Build 5075265 on Wed May 22 21:45:21 MDT 2024
  **** SharedData Build 5076995 on Wed May 22 18:29:18 MDT 2024
  **** Start of session at: Thu Sep 11 20:14:10 2025
    ** Copyright 1986-2022 Xilinx, Inc. All Rights Reserved.
    ** Copyright 2022-2024 Advanced Micro Devices, Inc. All Rights Reserved.

source top.tcl -notrace
create_project: Time (s): cpu = 00:00:02 ; elapsed = 00:00:08 . Memory (MB): peak = 661.973 ; gain = 217.551
Command: read_checkpoint -auto_incremental -incremental C:/Users/Jake_Webb2/Box/Classes/Graduate/SOC/lab1/lab1.srcs/utils_1/imports/synth_1/state_tb.dcp
INFO: [Vivado 12-5825] Read reference checkpoint from C:/Users/Jake_Webb2/Box/Classes/Graduate/SOC/lab1/lab1.srcs/utils_1/imports/synth_1/state_tb.dcp for incremental synthesis
INFO: [Vivado 12-7989] Please ensure there are no constraint changes
Command: synth_design -top top -part xc7a100tcsg324-1
Starting synth_design
Attempting to get a license for feature 'Synthesis' and/or device 'xc7a100t'
INFO: [Common 17-349] Got license for feature 'Synthesis' and/or device 'xc7a100t'
INFO: [Device 21-403] Loading part xc7a100tcsg324-1
INFO: [Device 21-9227] Part: xc7a100tcsg324-1 does not have CEAM library.
INFO: [Designutils 20-5440] No compile time benefit to using incremental synthesis; A full resynthesis will be run
INFO: [Designutils 20-4379] Flow is switching to default flow due to incremental criteria not met. If you would like to alter this behaviour and have the flow terminate instead, please set the following parameter config_implementation {autoIncr.Synth.RejectBehavior Terminate}
INFO: [Synth 8-7079] Multithreading enabled for synth_design using a maximum of 2 processes.
INFO: [Synth 8-7078] Launching helper process for spawning children vivado processes
INFO: [Synth 8-7075] Helper process launched with PID 14560
---------------------------------------------------------------------------------
Starting RTL Elaboration : Time (s): cpu = 00:00:02 ; elapsed = 00:00:03 . Memory (MB): peak = 1529.391 ; gain = 448.297
---------------------------------------------------------------------------------
WARNING: [Synth 8-981] event control in always_comb/always_latch is not allowed [C:/Users/Jake_Webb2/Box/Classes/Graduate/SOC/lab1/lab1.srcs/sources_1/new/board.sv:92]
INFO: [Synth 8-6157] synthesizing module 'top' [C:/Users/Jake_Webb2/Box/Classes/Graduate/SOC/lab1/lab1.srcs/sources_1/new/top.sv:23]
INFO: [Synth 8-6157] synthesizing module 'counter' [C:/Users/Jake_Webb2/Box/Classes/Graduate/SOC/lab1/lab1.srcs/sources_1/new/counter.sv:23]
INFO: [Synth 8-6155] done synthesizing module 'counter' (0#1) [C:/Users/Jake_Webb2/Box/Classes/Graduate/SOC/lab1/lab1.srcs/sources_1/new/counter.sv:23]
INFO: [Synth 8-6157] synthesizing module 'state' [C:/Users/Jake_Webb2/Box/Classes/Graduate/SOC/lab1/lab1.srcs/sources_1/new/state.sv:23]
INFO: [Synth 8-226] default block is never used [C:/Users/Jake_Webb2/Box/Classes/Graduate/SOC/lab1/lab1.srcs/sources_1/new/state.sv:39]
INFO: [Synth 8-226] default block is never used [C:/Users/Jake_Webb2/Box/Classes/Graduate/SOC/lab1/lab1.srcs/sources_1/new/state.sv:54]
INFO: [Synth 8-6155] done synthesizing module 'state' (0#1) [C:/Users/Jake_Webb2/Box/Classes/Graduate/SOC/lab1/lab1.srcs/sources_1/new/state.sv:23]
INFO: [Synth 8-6157] synthesizing module 'board' [C:/Users/Jake_Webb2/Box/Classes/Graduate/SOC/lab1/lab1.srcs/sources_1/new/board.sv:23]
INFO: [Synth 8-226] default block is never used [C:/Users/Jake_Webb2/Box/Classes/Graduate/SOC/lab1/lab1.srcs/sources_1/new/board.sv:45]
INFO: [Synth 8-6155] done synthesizing module 'board' (0#1) [C:/Users/Jake_Webb2/Box/Classes/Graduate/SOC/lab1/lab1.srcs/sources_1/new/board.sv:23]
INFO: [Synth 8-6155] done synthesizing module 'top' (0#1) [C:/Users/Jake_Webb2/Box/Classes/Graduate/SOC/lab1/lab1.srcs/sources_1/new/top.sv:23]
WARNING: [Synth 8-6014] Unused sequential element CB_reg was removed.  [C:/Users/Jake_Webb2/Box/Classes/Graduate/SOC/lab1/lab1.srcs/sources_1/new/board.sv:49]
WARNING: [Synth 8-6014] Unused sequential element CD_reg was removed.  [C:/Users/Jake_Webb2/Box/Classes/Graduate/SOC/lab1/lab1.srcs/sources_1/new/board.sv:49]
WARNING: [Synth 8-6014] Unused sequential element CE_reg was removed.  [C:/Users/Jake_Webb2/Box/Classes/Graduate/SOC/lab1/lab1.srcs/sources_1/new/board.sv:49]
WARNING: [Synth 8-6014] Unused sequential element CF_reg was removed.  [C:/Users/Jake_Webb2/Box/Classes/Graduate/SOC/lab1/lab1.srcs/sources_1/new/board.sv:49]
WARNING: [Synth 8-87] always_comb on 'AN_reg' did not result in combinational logic [C:/Users/Jake_Webb2/Box/Classes/Graduate/SOC/lab1/lab1.srcs/sources_1/new/board.sv:48]
WARNING: [Synth 8-87] always_comb on 'CA_reg' did not result in combinational logic [C:/Users/Jake_Webb2/Box/Classes/Graduate/SOC/lab1/lab1.srcs/sources_1/new/board.sv:49]
WARNING: [Synth 8-87] always_comb on 'CC_reg' did not result in combinational logic [C:/Users/Jake_Webb2/Box/Classes/Graduate/SOC/lab1/lab1.srcs/sources_1/new/board.sv:49]
WARNING: [Synth 8-87] always_comb on 'CG_reg' did not result in combinational logic [C:/Users/Jake_Webb2/Box/Classes/Graduate/SOC/lab1/lab1.srcs/sources_1/new/board.sv:49]
WARNING: [Synth 8-7129] Port SW[15] in module board is either unconnected or has no load
WARNING: [Synth 8-7129] Port SW[14] in module board is either unconnected or has no load
WARNING: [Synth 8-7129] Port SW[13] in module board is either unconnected or has no load
WARNING: [Synth 8-7129] Port SW[12] in module board is either unconnected or has no load
WARNING: [Synth 8-7129] Port SW[11] in module board is either unconnected or has no load
WARNING: [Synth 8-7129] Port SW[10] in module board is either unconnected or has no load
WARNING: [Synth 8-7129] Port SW[9] in module board is either unconnected or has no load
WARNING: [Synth 8-7129] Port SW[8] in module board is either unconnected or has no load
WARNING: [Synth 8-7129] Port SW[7] in module board is either unconnected or has no load
WARNING: [Synth 8-7129] Port SW[6] in module board is either unconnected or has no load
WARNING: [Synth 8-7129] Port SW[5] in module board is either unconnected or has no load
WARNING: [Synth 8-7129] Port SW[4] in module board is either unconnected or has no load
WARNING: [Synth 8-7129] Port SW[3] in module board is either unconnected or has no load
WARNING: [Synth 8-7129] Port SW[2] in module board is either unconnected or has no load
WARNING: [Synth 8-7129] Port SW[1] in module board is either unconnected or has no load
WARNING: [Synth 8-7129] Port SW[0] in module board is either unconnected or has no load
---------------------------------------------------------------------------------
Finished RTL Elaboration : Time (s): cpu = 00:00:02 ; elapsed = 00:00:05 . Memory (MB): peak = 1638.941 ; gain = 557.848
---------------------------------------------------------------------------------
---------------------------------------------------------------------------------
Start Handling Custom Attributes
---------------------------------------------------------------------------------
---------------------------------------------------------------------------------
Finished Handling Custom Attributes : Time (s): cpu = 00:00:02 ; elapsed = 00:00:05 . Memory (MB): peak = 1638.941 ; gain = 557.848
---------------------------------------------------------------------------------
---------------------------------------------------------------------------------
Finished RTL Optimization Phase 1 : Time (s): cpu = 00:00:02 ; elapsed = 00:00:05 . Memory (MB): peak = 1638.941 ; gain = 557.848
---------------------------------------------------------------------------------
Netlist sorting complete. Time (s): cpu = 00:00:00 ; elapsed = 00:00:00.001 . Memory (MB): peak = 1638.941 ; gain = 0.000
INFO: [Project 1-570] Preparing netlist for logic optimization

Processing XDC Constraints
Initializing timing engine
Parsing XDC File [C:/Users/Jake_Webb2/Downloads/Nexys-4-DDR-Master.xdc]
WARNING: [Vivado 12-584] No ports matched 'DP'. [C:/Users/Jake_Webb2/Downloads/Nexys-4-DDR-Master.xdc:68]
CRITICAL WARNING: [Common 17-55] 'set_property' expects at least one object. [C:/Users/Jake_Webb2/Downloads/Nexys-4-DDR-Master.xdc:68]
Resolution: If [get_<value>] was used to populate the object, check to make sure this command returns at least one valid object.
Finished Parsing XDC File [C:/Users/Jake_Webb2/Downloads/Nexys-4-DDR-Master.xdc]
INFO: [Project 1-236] Implementation specific constraints were found while reading constraint file [C:/Users/Jake_Webb2/Downloads/Nexys-4-DDR-Master.xdc]. These constraints will be ignored for synthesis but will be used in implementation. Impacted constraints are listed in the file [.Xil/top_propImpl.xdc].
Resolution: To avoid this warning, move constraints listed in [.Xil/top_propImpl.xdc] to another XDC file and exclude this new file from synthesis with the used_in_synthesis property (File Properties dialog in GUI) and re-run elaboration/synthesis.
Completed Processing XDC Constraints

Netlist sorting complete. Time (s): cpu = 00:00:00 ; elapsed = 00:00:00 . Memory (MB): peak = 1725.090 ; gain = 0.000
INFO: [Project 1-111] Unisim Transformation Summary:
No Unisim elements were transformed.

Constraint Validation Runtime : Time (s): cpu = 00:00:00 ; elapsed = 00:00:00.009 . Memory (MB): peak = 1725.090 ; gain = 0.000
INFO: [Designutils 20-5440] No compile time benefit to using incremental synthesis; A full resynthesis will be run
INFO: [Designutils 20-4379] Flow is switching to default flow due to incremental criteria not met. If you would like to alter this behaviour and have the flow terminate instead, please set the following parameter config_implementation {autoIncr.Synth.RejectBehavior Terminate}
---------------------------------------------------------------------------------
Finished Constraint Validation : Time (s): cpu = 00:00:05 ; elapsed = 00:00:09 . Memory (MB): peak = 1725.090 ; gain = 643.996
---------------------------------------------------------------------------------
---------------------------------------------------------------------------------
Start Loading Part and Timing Information
---------------------------------------------------------------------------------
Loading part: xc7a100tcsg324-1
---------------------------------------------------------------------------------
Finished Loading Part and Timing Information : Time (s): cpu = 00:00:05 ; elapsed = 00:00:09 . Memory (MB): peak = 1725.090 ; gain = 643.996
---------------------------------------------------------------------------------
---------------------------------------------------------------------------------
Start Applying 'set_property' XDC Constraints
---------------------------------------------------------------------------------
---------------------------------------------------------------------------------
Finished applying 'set_property' XDC Constraints : Time (s): cpu = 00:00:05 ; elapsed = 00:00:09 . Memory (MB): peak = 1725.090 ; gain = 643.996
---------------------------------------------------------------------------------
---------------------------------------------------------------------------------
Finished RTL Optimization Phase 2 : Time (s): cpu = 00:00:05 ; elapsed = 00:00:10 . Memory (MB): peak = 1725.090 ; gain = 643.996
---------------------------------------------------------------------------------
---------------------------------------------------------------------------------
Start RTL Component Statistics 
---------------------------------------------------------------------------------
Detailed RTL Component Info : 
+---Adders : 
	   2 Input   27 Bit       Adders := 1     
+---Registers : 
	               29 Bit    Registers := 1     
	                8 Bit    Registers := 1     
	                3 Bit    Registers := 2     
	                1 Bit    Registers := 3     
+---Muxes : 
	   2 Input   27 Bit        Muxes := 1     
	   8 Input    4 Bit        Muxes := 1     
	   8 Input    3 Bit        Muxes := 1     
	   8 Input    1 Bit        Muxes := 1     
---------------------------------------------------------------------------------
Finished RTL Component Statistics 
---------------------------------------------------------------------------------
---------------------------------------------------------------------------------
Start Part Resource Summary
---------------------------------------------------------------------------------
Part Resources:
DSPs: 240 (col length:80)
BRAMs: 270 (col length: RAMB18 80 RAMB36 40)
---------------------------------------------------------------------------------
Finished Part Resource Summary
---------------------------------------------------------------------------------
---------------------------------------------------------------------------------
Start Cross Boundary and Area Optimization
---------------------------------------------------------------------------------
WARNING: [Synth 8-7080] Parallel synthesis criteria is not met
WARNING: [Synth 8-3917] design top has port LED[15] driven by constant 0
WARNING: [Synth 8-3917] design top has port LED[14] driven by constant 0
WARNING: [Synth 8-3917] design top has port LED[13] driven by constant 0
WARNING: [Synth 8-3917] design top has port LED[12] driven by constant 0
WARNING: [Synth 8-3917] design top has port LED[11] driven by constant 0
WARNING: [Synth 8-3917] design top has port LED[10] driven by constant 0
WARNING: [Synth 8-3917] design top has port LED[9] driven by constant 0
WARNING: [Synth 8-3917] design top has port LED[8] driven by constant 0
WARNING: [Synth 8-3917] design top has port LED[7] driven by constant 0
WARNING: [Synth 8-3917] design top has port LED[6] driven by constant 0
WARNING: [Synth 8-3917] design top has port LED[5] driven by constant 0
WARNING: [Synth 8-3917] design top has port LED[4] driven by constant 0
WARNING: [Synth 8-3917] design top has port LED[3] driven by constant 0
WARNING: [Synth 8-7129] Port SW[15] in module top is either unconnected or has no load
WARNING: [Synth 8-7129] Port SW[14] in module top is either unconnected or has no load
WARNING: [Synth 8-7129] Port SW[13] in module top is either unconnected or has no load
WARNING: [Synth 8-7129] Port SW[12] in module top is either unconnected or has no load
WARNING: [Synth 8-7129] Port SW[11] in module top is either unconnected or has no load
WARNING: [Synth 8-7129] Port SW[10] in module top is either unconnected or has no load
WARNING: [Synth 8-7129] Port SW[9] in module top is either unconnected or has no load
WARNING: [Synth 8-7129] Port SW[8] in module top is either unconnected or has no load
WARNING: [Synth 8-7129] Port SW[7] in module top is either unconnected or has no load
WARNING: [Synth 8-7129] Port SW[6] in module top is either unconnected or has no load
WARNING: [Synth 8-7129] Port SW[5] in module top is either unconnected or has no load
WARNING: [Synth 8-7129] Port SW[4] in module top is either unconnected or has no load
WARNING: [Synth 8-7129] Port SW[3] in module top is either unconnected or has no load
WARNING: [Synth 8-7129] Port SW[2] in module top is either unconnected or has no load
---------------------------------------------------------------------------------
Finished Cross Boundary and Area Optimization : Time (s): cpu = 00:00:05 ; elapsed = 00:00:11 . Memory (MB): peak = 1725.090 ; gain = 643.996
---------------------------------------------------------------------------------
---------------------------------------------------------------------------------
Start Applying XDC Timing Constraints
---------------------------------------------------------------------------------
---------------------------------------------------------------------------------
Finished Applying XDC Timing Constraints : Time (s): cpu = 00:00:07 ; elapsed = 00:00:15 . Memory (MB): peak = 1725.090 ; gain = 643.996
---------------------------------------------------------------------------------
---------------------------------------------------------------------------------
Start Timing Optimization
---------------------------------------------------------------------------------
---------------------------------------------------------------------------------
Finished Timing Optimization : Time (s): cpu = 00:00:07 ; elapsed = 00:00:15 . Memory (MB): peak = 1725.090 ; gain = 643.996
---------------------------------------------------------------------------------
---------------------------------------------------------------------------------
Start Technology Mapping
---------------------------------------------------------------------------------
---------------------------------------------------------------------------------
Finished Technology Mapping : Time (s): cpu = 00:00:07 ; elapsed = 00:00:15 . Memory (MB): peak = 1725.090 ; gain = 643.996
---------------------------------------------------------------------------------
---------------------------------------------------------------------------------
Start IO Insertion
---------------------------------------------------------------------------------
---------------------------------------------------------------------------------
Start Flattening Before IO Insertion
---------------------------------------------------------------------------------
---------------------------------------------------------------------------------
Finished Flattening Before IO Insertion
---------------------------------------------------------------------------------
---------------------------------------------------------------------------------
Start Final Netlist Cleanup
---------------------------------------------------------------------------------
---------------------------------------------------------------------------------
Finished Final Netlist Cleanup
---------------------------------------------------------------------------------
---------------------------------------------------------------------------------
Finished IO Insertion : Time (s): cpu = 00:00:08 ; elapsed = 00:00:17 . Memory (MB): peak = 1725.090 ; gain = 643.996
---------------------------------------------------------------------------------
---------------------------------------------------------------------------------
Start Renaming Generated Instances
---------------------------------------------------------------------------------
---------------------------------------------------------------------------------
Finished Renaming Generated Instances : Time (s): cpu = 00:00:08 ; elapsed = 00:00:17 . Memory (MB): peak = 1725.090 ; gain = 643.996
---------------------------------------------------------------------------------
---------------------------------------------------------------------------------
Start Rebuilding User Hierarchy
---------------------------------------------------------------------------------
---------------------------------------------------------------------------------
Finished Rebuilding User Hierarchy : Time (s): cpu = 00:00:08 ; elapsed = 00:00:17 . Memory (MB): peak = 1725.090 ; gain = 643.996
---------------------------------------------------------------------------------
---------------------------------------------------------------------------------
Start Renaming Generated Ports
---------------------------------------------------------------------------------
---------------------------------------------------------------------------------
Finished Renaming Generated Ports : Time (s): cpu = 00:00:08 ; elapsed = 00:00:17 . Memory (MB): peak = 1725.090 ; gain = 643.996
---------------------------------------------------------------------------------
---------------------------------------------------------------------------------
Start Handling Custom Attributes
---------------------------------------------------------------------------------
---------------------------------------------------------------------------------
Finished Handling Custom Attributes : Time (s): cpu = 00:00:08 ; elapsed = 00:00:17 . Memory (MB): peak = 1725.090 ; gain = 643.996
---------------------------------------------------------------------------------
---------------------------------------------------------------------------------
Start Renaming Generated Nets
---------------------------------------------------------------------------------
---------------------------------------------------------------------------------
Finished Renaming Generated Nets : Time (s): cpu = 00:00:08 ; elapsed = 00:00:17 . Memory (MB): peak = 1725.090 ; gain = 643.996
---------------------------------------------------------------------------------
---------------------------------------------------------------------------------
Start Writing Synthesis Report
---------------------------------------------------------------------------------

Report BlackBoxes: 
+-+--------------+----------+
| |BlackBox name |Instances |
+-+--------------+----------+
+-+--------------+----------+

Report Cell Usage: 
+------+-------+------+
|      |Cell   |Count |
+------+-------+------+
|1     |BUFG   |     1|
|2     |CARRY4 |     7|
|3     |LUT1   |     2|
|4     |LUT3   |     8|
|5     |LUT4   |    33|
|6     |LUT5   |     2|
|7     |LUT6   |     3|
|8     |FDCE   |    27|
|9     |FDRE   |    12|
|10    |IBUF   |     4|
|11    |OBUF   |    27|
|12    |OBUFT  |     4|
+------+-------+------+
---------------------------------------------------------------------------------
Finished Writing Synthesis Report : Time (s): cpu = 00:00:08 ; elapsed = 00:00:17 . Memory (MB): peak = 1725.090 ; gain = 643.996
---------------------------------------------------------------------------------
Synthesis finished with 0 errors, 0 critical warnings and 28 warnings.
Synthesis Optimization Runtime : Time (s): cpu = 00:00:06 ; elapsed = 00:00:16 . Memory (MB): peak = 1725.090 ; gain = 557.848
Synthesis Optimization Complete : Time (s): cpu = 00:00:09 ; elapsed = 00:00:17 . Memory (MB): peak = 1725.090 ; gain = 643.996
INFO: [Project 1-571] Translating synthesized netlist
Netlist sorting complete. Time (s): cpu = 00:00:00 ; elapsed = 00:00:00 . Memory (MB): peak = 1725.090 ; gain = 0.000
INFO: [Netlist 29-17] Analyzing 7 Unisim elements for replacement
INFO: [Netlist 29-28] Unisim Transformation completed in 0 CPU seconds
INFO: [Project 1-570] Preparing netlist for logic optimization
INFO: [Opt 31-138] Pushed 0 inverter(s) to 0 load pin(s).
Netlist sorting complete. Time (s): cpu = 00:00:00 ; elapsed = 00:00:00 . Memory (MB): peak = 1725.090 ; gain = 0.000
INFO: [Project 1-111] Unisim Transformation Summary:
No Unisim elements were transformed.

Synth Design complete | Checksum: c85a8301
INFO: [Common 17-83] Releasing license: Synthesis
33 Infos, 54 Warnings, 1 Critical Warnings and 0 Errors encountered.
synth_design completed successfully
synth_design: Time (s): cpu = 00:00:10 ; elapsed = 00:00:27 . Memory (MB): peak = 1725.090 ; gain = 1060.047
INFO: [runtcl-6] Synthesis results are not added to the cache due to CRITICAL_WARNING
Write ShapeDB Complete: Time (s): cpu = 00:00:00 ; elapsed = 00:00:00.007 . Memory (MB): peak = 1725.090 ; gain = 0.000
INFO: [Common 17-1381] The checkpoint 'C:/Users/Jake_Webb2/Box/Classes/Graduate/SOC/lab1/lab1.runs/synth_1/top.dcp' has been generated.
INFO: [Vivado 12-24828] Executing command : report_utilization -file top_utilization_synth.rpt -pb top_utilization_synth.pb
INFO: [Common 17-206] Exiting Vivado at Thu Sep 11 20:14:54 2025...
